<?xml version="1.0" encoding="UTF-8"?>
<!-- Generated by org.testng.reporters.JUnitReportReporter -->
<testsuite hostname="DESKTOP-5OORVLB" failures="0" tests="4" name="api.test.DataDrivenTest" time="4.976" errors="0" timestamp="2024-03-20T08:53:37 IST" skipped="0">
  <testcase classname="api.test.DataDrivenTest" name="testPostUser" time="3.710"/>
  <system-out/>
  <testcase classname="api.test.DataDrivenTest" name="testPostUser" time="0.360"/>
  <system-out/>
  <testcase classname="api.test.DataDrivenTest" name="testDeleteUser" time="0.541"/>
  <system-out/>
  <testcase classname="api.test.DataDrivenTest" name="testDeleteUser" time="0.365"/>
  <system-out/>
</testsuite> <!-- api.test.DataDrivenTest -->
