<?xml version="1.0" encoding="UTF-8"?>
<!-- Generated by org.testng.reporters.JUnitReportReporter -->
<testsuite hostname="DESKTOP-5OORVLB" failures="0" tests="4" name="api.test.userTest2" time="4.534" errors="0" timestamp="2024-03-22T02:07:15 IST" skipped="0">
  <testcase classname="api.test.userTest2" name="testPostUser" time="2.967"/>
  <system-out/>
  <testcase classname="api.test.userTest2" name="getUserByName" time="0.402"/>
  <system-out/>
  <testcase classname="api.test.userTest2" name="updateUserByName" time="0.711"/>
  <system-out/>
  <testcase classname="api.test.userTest2" name="deletUserByName" time="0.454"/>
  <system-out/>
</testsuite> <!-- api.test.userTest2 -->
