<?xml version="1.0" encoding="UTF-8"?>
<!-- Generated by org.testng.reporters.JUnitReportReporter -->
<testsuite hostname="DESKTOP-5OORVLB" failures="0" tests="4" name="api.test.userTest" time="4.268" errors="0" timestamp="2024-03-22T01:50:37 IST" skipped="0">
  <testcase classname="api.test.userTest" name="testPostUser" time="2.801"/>
  <system-out/>
  <testcase classname="api.test.userTest" name="getUserByName" time="0.430"/>
  <system-out/>
  <testcase classname="api.test.userTest" name="updateUserByName" time="0.662"/>
  <system-out/>
  <testcase classname="api.test.userTest" name="deletUserByName" time="0.375"/>
  <system-out/>
</testsuite> <!-- api.test.userTest -->
